0 info it worked if it ends with ok
1 verbose cli [ 'C:\\Program Files\\nodejs\\node.exe',
1 verbose cli   'C:\\Program Files\\nodejs\\node_modules\\npm\\bin\\npm-cli.js',
1 verbose cli   'install',
1 verbose cli   'vue' ]
2 info using npm@3.8.6
3 info using node@v5.11.0
4 silly loadCurrentTree Starting
5 silly install loadCurrentTree
6 silly install readLocalPackageData
7 silly fetchPackageMetaData vue
8 silly fetchNamedPackageData vue
9 silly mapToRegistry name vue
10 silly mapToRegistry using default registry
11 silly mapToRegistry registry https://registry.npm.taobao.org/
12 silly mapToRegistry data Result {
12 silly mapToRegistry   raw: 'vue',
12 silly mapToRegistry   scope: null,
12 silly mapToRegistry   name: 'vue',
12 silly mapToRegistry   rawSpec: '',
12 silly mapToRegistry   spec: 'latest',
12 silly mapToRegistry   type: 'tag' }
13 silly mapToRegistry uri https://registry.npm.taobao.org/vue
14 verbose request uri https://registry.npm.taobao.org/vue
15 verbose request no auth needed
16 info attempt registry request try #1 at 20:21:52
17 verbose request id 27a7bb772ddad6bb
18 http request GET https://registry.npm.taobao.org/vue
19 info retry will retry, error on last attempt: Error: socket hang up
20 info attempt registry request try #2 at 20:22:57
21 http request GET https://registry.npm.taobao.org/vue
22 info retry will retry, error on last attempt: Error: socket hang up
23 info attempt registry request try #3 at 20:24:52
24 http request GET https://registry.npm.taobao.org/vue
25 silly fetchPackageMetaData Error: socket hang up
25 silly fetchPackageMetaData     at TLSSocket.onHangUp (_tls_wrap.js:1097:19)
25 silly fetchPackageMetaData     at TLSSocket.g (events.js:273:16)
25 silly fetchPackageMetaData     at emitNone (events.js:85:20)
25 silly fetchPackageMetaData     at TLSSocket.emit (events.js:179:7)
25 silly fetchPackageMetaData     at endReadableNT (_stream_readable.js:913:12)
25 silly fetchPackageMetaData     at _combinedTickCallback (internal/process/next_tick.js:74:11)
25 silly fetchPackageMetaData     at process._tickCallback (internal/process/next_tick.js:98:9)
25 silly fetchPackageMetaData  error for vue { [Error: socket hang up] code: 'ECONNRESET' }
26 silly rollbackFailedOptional Starting
27 silly rollbackFailedOptional Finishing
28 silly runTopLevelLifecycles Starting
29 silly runTopLevelLifecycles Finishing
30 silly install printInstalled
31 verbose stack Error: socket hang up
31 verbose stack     at TLSSocket.onHangUp (_tls_wrap.js:1097:19)
31 verbose stack     at TLSSocket.g (events.js:273:16)
31 verbose stack     at emitNone (events.js:85:20)
31 verbose stack     at TLSSocket.emit (events.js:179:7)
31 verbose stack     at endReadableNT (_stream_readable.js:913:12)
31 verbose stack     at _combinedTickCallback (internal/process/next_tick.js:74:11)
31 verbose stack     at process._tickCallback (internal/process/next_tick.js:98:9)
32 verbose cwd G:\git\learn_git
33 error Windows_NT 6.1.7601
34 error argv "C:\\Program Files\\nodejs\\node.exe" "C:\\Program Files\\nodejs\\node_modules\\npm\\bin\\npm-cli.js" "install" "vue"
35 error node v5.11.0
36 error npm  v3.8.6
37 error code ECONNRESET
38 error network socket hang up
39 error network This is most likely not a problem with npm itself
39 error network and is related to network connectivity.
39 error network In most cases you are behind a proxy or have bad network settings.
39 error network
39 error network If you are behind a proxy, please make sure that the
39 error network 'proxy' config is set properly.  See: 'npm help config'
40 verbose exit [ 1, true ]
